e:\dev\mfc\dialog\dialog\debug\dialog.pch
e:\dev\mfc\dialog\dialog\debug\vc140.pdb
e:\dev\mfc\dialog\dialog\debug\vc140.idb
e:\dev\mfc\dialog\dialog\debug\stdafx.obj
e:\dev\mfc\dialog\dialog\debug\dialog.obj
e:\dev\mfc\dialog\dialog\debug\dialogdlg.obj
e:\dev\mfc\dialog\dialog\debug\dragdialog.obj
e:\dev\mfc\dialog\debug\dialog.ilk
e:\dev\mfc\dialog\debug\dialog.exe
e:\dev\mfc\dialog\debug\dialog.pdb
e:\dev\mfc\dialog\dialog\debug\dialog.res
e:\dev\mfc\dialog\dialog\debug\dialog.tlog\cl.command.1.tlog
e:\dev\mfc\dialog\dialog\debug\dialog.tlog\cl.read.1.tlog
e:\dev\mfc\dialog\dialog\debug\dialog.tlog\cl.write.1.tlog
e:\dev\mfc\dialog\dialog\debug\dialog.tlog\link.command.1.tlog
e:\dev\mfc\dialog\dialog\debug\dialog.tlog\link.read.1.tlog
e:\dev\mfc\dialog\dialog\debug\dialog.tlog\link.write.1.tlog
e:\dev\mfc\dialog\dialog\debug\dialog.tlog\rc.command.1.tlog
e:\dev\mfc\dialog\dialog\debug\dialog.tlog\rc.read.1.tlog
e:\dev\mfc\dialog\dialog\debug\dialog.tlog\rc.write.1.tlog
